Build started 25-Jan-15 8:51:26 PM.
     1>Project "C:\Users\Rachel\documents\visual studio 2010\Projects\Pong2\Pong2\Pong2.vcxproj" on node 2 (build target(s)).
     1>InitializeBuildStatus:
         Creating "Debug\Pong2.unsuccessfulbuild" because "AlwaysCreate" was specified.
       ClCompile:
         C:\Program Files (x86)\Microsoft Visual Studio 10.0\VC\bin\CL.exe /c /ZI /nologo /W3 /WX- /Od /Oy- /D _MBCS /Gm /EHsc /RTC1 /MDd /GS /fp:precise /Zc:wchar_t /Zc:forScope /Fo"Debug\\" /Fd"Debug\vc100.pdb" /Gd /TP /analyze- /errorReport:prompt Main.cpp
         Main.cpp
       Link:
         C:\Program Files (x86)\Microsoft Visual Studio 10.0\VC\bin\link.exe /ERRORREPORT:PROMPT /OUT:"C:\Users\Rachel\documents\visual studio 2010\Projects\Pong2\Debug\Pong2.exe" /NOLOGO SDL.lib SDLmain.lib SDL_ttf.lib SDL_image.lib kernel32.lib user32.lib gdi32.lib winspool.lib comdlg32.lib advapi32.lib shell32.lib ole32.lib oleaut32.lib uuid.lib odbc32.lib odbccp32.lib /MANIFEST /ManifestFile:"Debug\Pong2.exe.intermediate.manifest" /MANIFESTUAC:"level='asInvoker' uiAccess='false'" /DEBUG /PDB:"C:\Users\Rachel\documents\visual studio 2010\Projects\Pong2\Debug\Pong2.pdb" /SUBSYSTEM:WINDOWS /TLBID:1 /DYNAMICBASE /NXCOMPAT /IMPLIB:"C:\Users\Rachel\documents\visual studio 2010\Projects\Pong2\Debug\Pong2.lib" /MACHINE:X86 Debug\Main.obj
         LINK : C:\Users\Rachel\documents\visual studio 2010\Projects\Pong2\Debug\Pong2.exe not found or not built by the last incremental link; performing full link
     1>MSVCRTD.lib(cinitexe.obj) : warning LNK4098: defaultlib 'msvcrt.lib' conflicts with use of other libs; use /NODEFAULTLIB:library
         Pong2.vcxproj -> C:\Users\Rachel\documents\visual studio 2010\Projects\Pong2\Debug\Pong2.exe
       Manifest:
         C:\Program Files (x86)\Microsoft SDKs\Windows\v7.0A\bin\mt.exe /nologo /verbose /outputresource:"C:\Users\Rachel\documents\visual studio 2010\Projects\Pong2\Debug\Pong2.exe;#1" /manifest Debug\Pong2.exe.intermediate.manifest
       FinalizeBuildStatus:
         Deleting file "Debug\Pong2.unsuccessfulbuild".
         Touching "Debug\Pong2.lastbuildstate".
     1>Done Building Project "C:\Users\Rachel\documents\visual studio 2010\Projects\Pong2\Pong2\Pong2.vcxproj" (build target(s)).

Build succeeded.

Time Elapsed 00:00:02.44
